{"/home/zadmin/Documents/workspace/Ci-CD-example/cli/yargs/countEntriesInDirectory/lib/countEntries.js": {"path":"/home/zadmin/Documents/workspace/Ci-CD-example/cli/yargs/countEntriesInDirectory/lib/countEntries.js","statementMap":{"0":{"start":{"line":1,"column":11},"end":{"line":1,"column":33}},"1":{"start":{"line":2,"column":13},"end":{"line":2,"column":28}},"2":{"start":{"line":4,"column":12},"end":{"line":4,"column":13}},"3":{"start":{"line":7,"column":2},"end":{"line":16,"column":3}},"4":{"start":{"line":8,"column":23},"end":{"line":8,"column":47}},"5":{"start":{"line":9,"column":21},"end":{"line":9,"column":49}},"6":{"start":{"line":11,"column":4},"end":{"line":11,"column":49}},"7":{"start":{"line":11,"column":29},"end":{"line":11,"column":46}},"8":{"start":{"line":13,"column":4},"end":{"line":13,"column":16}},"9":{"start":{"line":15,"column":4},"end":{"line":15,"column":93}},"10":{"start":{"line":19,"column":0},"end":{"line":19,"column":27}}},"fnMap":{"0":{"name":"countFiles","decl":{"start":{"line":6,"column":15},"end":{"line":6,"column":25}},"loc":{"start":{"line":6,"column":39},"end":{"line":17,"column":1}},"line":6},"1":{"name":"(anonymous_1)","decl":{"start":{"line":11,"column":21},"end":{"line":11,"column":22}},"loc":{"start":{"line":11,"column":27},"end":{"line":11,"column":48}},"line":11}},"branchMap":{},"s":{"0":1,"1":1,"2":1,"3":1,"4":1,"5":1,"6":1,"7":4,"8":1,"9":0,"10":1},"f":{"0":1,"1":4},"b":{},"_coverageSchema":"1a1c01bbd47fc00a2c39e90264f33305004495a9","hash":"df8d324552cb13baae05b920de0086a2751d8839"}
,"/home/zadmin/Documents/workspace/Ci-CD-example/cli/yargs/countEntriesInDirectory/lib/log.js": {"path":"/home/zadmin/Documents/workspace/Ci-CD-example/cli/yargs/countEntriesInDirectory/lib/log.js","statementMap":{"0":{"start":{"line":2,"column":2},"end":{"line":6,"column":3}},"1":{"start":{"line":3,"column":4},"end":{"line":3,"column":36}},"2":{"start":{"line":5,"column":4},"end":{"line":5,"column":37}},"3":{"start":{"line":9,"column":0},"end":{"line":9,"column":20}}},"fnMap":{"0":{"name":"log","decl":{"start":{"line":1,"column":15},"end":{"line":1,"column":18}},"loc":{"start":{"line":1,"column":35},"end":{"line":7,"column":1}},"line":1}},"branchMap":{},"s":{"0":2,"1":2,"2":0,"3":1},"f":{"0":2},"b":{},"_coverageSchema":"1a1c01bbd47fc00a2c39e90264f33305004495a9","hash":"6ec98736b47679d72b435ee67295c57eba2e52ce"}
,"/home/zadmin/Documents/workspace/Ci-CD-example/utilities/cli/yargs/countEntriesInDirectory/lib/countEntries.js": {"path":"/home/zadmin/Documents/workspace/Ci-CD-example/utilities/cli/yargs/countEntriesInDirectory/lib/countEntries.js","statementMap":{"0":{"start":{"line":1,"column":11},"end":{"line":1,"column":33}},"1":{"start":{"line":2,"column":13},"end":{"line":2,"column":28}},"2":{"start":{"line":4,"column":12},"end":{"line":4,"column":13}},"3":{"start":{"line":7,"column":2},"end":{"line":16,"column":3}},"4":{"start":{"line":8,"column":23},"end":{"line":8,"column":47}},"5":{"start":{"line":9,"column":21},"end":{"line":9,"column":49}},"6":{"start":{"line":11,"column":4},"end":{"line":11,"column":49}},"7":{"start":{"line":11,"column":29},"end":{"line":11,"column":46}},"8":{"start":{"line":13,"column":4},"end":{"line":13,"column":16}},"9":{"start":{"line":15,"column":4},"end":{"line":15,"column":93}},"10":{"start":{"line":19,"column":0},"end":{"line":19,"column":27}}},"fnMap":{"0":{"name":"countFiles","decl":{"start":{"line":6,"column":15},"end":{"line":6,"column":25}},"loc":{"start":{"line":6,"column":39},"end":{"line":17,"column":1}},"line":6},"1":{"name":"(anonymous_1)","decl":{"start":{"line":11,"column":21},"end":{"line":11,"column":22}},"loc":{"start":{"line":11,"column":27},"end":{"line":11,"column":48}},"line":11}},"branchMap":{},"s":{"0":1,"1":1,"2":1,"3":1,"4":1,"5":1,"6":1,"7":4,"8":1,"9":0,"10":1},"f":{"0":1,"1":4},"b":{},"_coverageSchema":"1a1c01bbd47fc00a2c39e90264f33305004495a9","hash":"4a58b0b0523730c46034ea8c8b502692605b1c22"}
,"/home/zadmin/Documents/workspace/Ci-CD-example/utilities/cli/yargs/countEntriesInDirectory/lib/log.js": {"path":"/home/zadmin/Documents/workspace/Ci-CD-example/utilities/cli/yargs/countEntriesInDirectory/lib/log.js","statementMap":{"0":{"start":{"line":2,"column":2},"end":{"line":6,"column":3}},"1":{"start":{"line":3,"column":4},"end":{"line":3,"column":36}},"2":{"start":{"line":5,"column":4},"end":{"line":5,"column":37}},"3":{"start":{"line":9,"column":0},"end":{"line":9,"column":20}}},"fnMap":{"0":{"name":"log","decl":{"start":{"line":1,"column":15},"end":{"line":1,"column":18}},"loc":{"start":{"line":1,"column":35},"end":{"line":7,"column":1}},"line":1}},"branchMap":{},"s":{"0":2,"1":2,"2":0,"3":1},"f":{"0":2},"b":{},"_coverageSchema":"1a1c01bbd47fc00a2c39e90264f33305004495a9","hash":"01bc22604f9afd9f759da27be1d69f09746092fa"}
}
