TN:
SF:cli/yargs/countEntriesInDirectory/lib/countEntries.js
FN:6,countFiles
FN:11,(anonymous_1)
FNF:2
FNH:2
FNDA:1,countFiles
FNDA:4,(anonymous_1)
DA:1,1
DA:2,1
DA:4,1
DA:7,1
DA:8,1
DA:9,1
DA:11,4
DA:13,1
DA:15,0
DA:19,1
LF:10
LH:9
BRF:0
BRH:0
end_of_record
TN:
SF:cli/yargs/countEntriesInDirectory/lib/log.js
FN:1,log
FNF:1
FNH:1
FNDA:2,log
DA:2,2
DA:3,2
DA:5,0
DA:9,1
LF:4
LH:3
BRF:0
BRH:0
end_of_record
TN:
SF:utilities/cli/yargs/countEntriesInDirectory/lib/countEntries.js
FN:6,countFiles
FN:11,(anonymous_1)
FNF:2
FNH:2
FNDA:1,countFiles
FNDA:4,(anonymous_1)
DA:1,1
DA:2,1
DA:4,1
DA:7,1
DA:8,1
DA:9,1
DA:11,4
DA:13,1
DA:15,0
DA:19,1
LF:10
LH:9
BRF:0
BRH:0
end_of_record
TN:
SF:utilities/cli/yargs/countEntriesInDirectory/lib/log.js
FN:1,log
FNF:1
FNH:1
FNDA:2,log
DA:2,2
DA:3,2
DA:5,0
DA:9,1
LF:4
LH:3
BRF:0
BRH:0
end_of_record
